Build started 25/03/2014 10:25:25.
     1>Project "C:\Users\emiliomm\Documents\Librerias y software de otros\LeiWang_QueryByHumming_Opensource\Organized\src\QBSH_win32_vc2010\SDHBuildModel\SDHBuildModel.vcxproj" on node 2 (build target(s)).
     1>InitializeBuildStatus:
         Creating "Release\SDHBuildModel.unsuccessfulbuild" because "AlwaysCreate" was specified.
       ClCompile:
         C:\Program Files (x86)\Microsoft Visual Studio 10.0\VC\bin\CL.exe /c /Zi /nologo /W3 /WX- /O2 /Oi /Oy- /GL /D WIN32 /D NDEBUG /D _CONSOLE /D _UNICODE /D UNICODE /Gm- /EHsc /MD /GS /Gy /fp:precise /Zc:wchar_t /Zc:forScope /Fo"Release\\" /Fd"Release\vc100.pdb" /Gd /TC /analyze- /errorReport:prompt midifile.c
         midifile.c
     1>midifile.c(351): warning C4996: 'fopen': This function or variable may be unsafe. Consider using fopen_s instead. To disable deprecation, use _CRT_SECURE_NO_WARNINGS. See online help for details.
                 C:\Program Files (x86)\Microsoft Visual Studio 10.0\VC\include\stdio.h(234) : see declaration of 'fopen'
     1>midifile.c(569): warning C4996: 'fopen': This function or variable may be unsafe. Consider using fopen_s instead. To disable deprecation, use _CRT_SECURE_NO_WARNINGS. See online help for details.
                 C:\Program Files (x86)\Microsoft Visual Studio 10.0\VC\include\stdio.h(234) : see declaration of 'fopen'
     1>midifile.c(921): warning C4244: 'return' : conversion from 'double' to 'float', possible loss of data
     1>midifile.c(925): warning C4244: 'return' : conversion from 'double' to 'float', possible loss of data
     1>midifile.c(929): warning C4244: 'return' : conversion from 'double' to 'float', possible loss of data
     1>midifile.c(933): warning C4244: 'return' : conversion from 'double' to 'float', possible loss of data
     1>midifile.c(966): warning C4244: 'return' : conversion from 'float' to 'long', possible loss of data
     1>midifile.c(1338): warning C4244: 'initializing' : conversion from 'float' to 'long', possible loss of data
     1>midifile.c(2014): warning C4244: 'return' : conversion from 'double' to 'float', possible loss of data
     1>midifile.c(2024): warning C4244: '=' : conversion from 'float' to 'long', possible loss of data
         C:\Program Files (x86)\Microsoft Visual Studio 10.0\VC\bin\CL.exe /c /Zi /nologo /W3 /WX- /O2 /Oi /Oy- /GL /D WIN32 /D NDEBUG /D _CONSOLE /D _UNICODE /D UNICODE /Gm- /EHsc /MD /GS /Gy /fp:precise /Zc:wchar_t /Zc:forScope /Fo"Release\\" /Fd"Release\vc100.pdb" /Gd /TP /analyze- /errorReport:prompt SBuildModel.cpp
         SBuildModel.cpp
     1>c:\users\emiliomm\documents\librerias y software de otros\leiwang_querybyhumming_opensource\organized\src\qbsh_win32_vc2010\sdhbuildmodel\SBuildModel.h(63): warning C4996: 'strcpy': This function or variable may be unsafe. Consider using strcpy_s instead. To disable deprecation, use _CRT_SECURE_NO_WARNINGS. See online help for details.
                 C:\Program Files (x86)\Microsoft Visual Studio 10.0\VC\include\string.h(105) : see declaration of 'strcpy'
     1>c:\users\emiliomm\documents\librerias y software de otros\leiwang_querybyhumming_opensource\organized\src\qbsh_win32_vc2010\sdhbuildmodel\SBuildModel.h(64): warning C4996: 'strcpy': This function or variable may be unsafe. Consider using strcpy_s instead. To disable deprecation, use _CRT_SECURE_NO_WARNINGS. See online help for details.
                 C:\Program Files (x86)\Microsoft Visual Studio 10.0\VC\include\string.h(105) : see declaration of 'strcpy'
     1>SBuildModel.cpp(85): warning C4018: '<' : signed/unsigned mismatch
     1>SBuildModel.cpp(105): warning C4996: 'strcpy': This function or variable may be unsafe. Consider using strcpy_s instead. To disable deprecation, use _CRT_SECURE_NO_WARNINGS. See online help for details.
                 C:\Program Files (x86)\Microsoft Visual Studio 10.0\VC\include\string.h(105) : see declaration of 'strcpy'
     1>SBuildModel.cpp(106): warning C4996: 'strcpy': This function or variable may be unsafe. Consider using strcpy_s instead. To disable deprecation, use _CRT_SECURE_NO_WARNINGS. See online help for details.
                 C:\Program Files (x86)\Microsoft Visual Studio 10.0\VC\include\string.h(105) : see declaration of 'strcpy'
     1>SBuildModel.cpp(107): warning C4996: 'strcat': This function or variable may be unsafe. Consider using strcat_s instead. To disable deprecation, use _CRT_SECURE_NO_WARNINGS. See online help for details.
                 C:\Program Files (x86)\Microsoft Visual Studio 10.0\VC\include\string.h(110) : see declaration of 'strcat'
     1>SBuildModel.cpp(108): warning C4996: 'strcat': This function or variable may be unsafe. Consider using strcat_s instead. To disable deprecation, use _CRT_SECURE_NO_WARNINGS. See online help for details.
                 C:\Program Files (x86)\Microsoft Visual Studio 10.0\VC\include\string.h(110) : see declaration of 'strcat'
     1>SBuildModel.cpp(146): warning C4996: 'fopen': This function or variable may be unsafe. Consider using fopen_s instead. To disable deprecation, use _CRT_SECURE_NO_WARNINGS. See online help for details.
                 C:\Program Files (x86)\Microsoft Visual Studio 10.0\VC\include\stdio.h(234) : see declaration of 'fopen'
     1>SBuildModel.cpp(147): warning C4018: '<' : signed/unsigned mismatch
     1>SBuildModel.cpp(227): warning C4996: 'fopen': This function or variable may be unsafe. Consider using fopen_s instead. To disable deprecation, use _CRT_SECURE_NO_WARNINGS. See online help for details.
                 C:\Program Files (x86)\Microsoft Visual Studio 10.0\VC\include\stdio.h(234) : see declaration of 'fopen'
     1>SBuildModel.cpp(239): warning C4018: '<' : signed/unsigned mismatch
     1>SBuildModel.cpp(249): warning C4018: '<' : signed/unsigned mismatch
     1>SBuildModel.cpp(265): warning C4018: '<' : signed/unsigned mismatch
     1>SBuildModel.cpp(292): warning C4018: '<' : signed/unsigned mismatch
     1>SBuildModel.cpp(300): warning C4244: '=' : conversion from 'int' to 'float', possible loss of data
     1>SBuildModel.cpp(302): warning C4244: '=' : conversion from 'int' to 'float', possible loss of data
     1>SBuildModel.cpp(305): warning C4244: '=' : conversion from 'int' to 'float', possible loss of data
       Link:
         C:\Program Files (x86)\Microsoft Visual Studio 10.0\VC\bin\link.exe /ERRORREPORT:PROMPT /OUT:"C:\Users\emiliomm\Documents\Librerias y software de otros\LeiWang_QueryByHumming_Opensource\Organized\src\QBSH_win32_vc2010\Release\SDHBuildModel.exe" /INCREMENTAL:NO /NOLOGO kernel32.lib user32.lib gdi32.lib winspool.lib comdlg32.lib advapi32.lib shell32.lib ole32.lib oleaut32.lib uuid.lib odbc32.lib odbccp32.lib /MANIFEST /ManifestFile:"Release\SDHBuildModel.exe.intermediate.manifest" /MANIFESTUAC:"level='asInvoker' uiAccess='false'" /DEBUG /PDB:"C:\Users\emiliomm\Documents\Librerias y software de otros\LeiWang_QueryByHumming_Opensource\Organized\src\QBSH_win32_vc2010\Release\SDHBuildModel.pdb" /SUBSYSTEM:CONSOLE /OPT:REF /OPT:ICF /LTCG /TLBID:1 /DYNAMICBASE /NXCOMPAT /IMPLIB:"C:\Users\emiliomm\Documents\Librerias y software de otros\LeiWang_QueryByHumming_Opensource\Organized\src\QBSH_win32_vc2010\Release\SDHBuildModel.lib" /MACHINE:X86 Release\midifile.obj
         Release\SBuildModel.obj
         Generating code
         Finished generating code
         SDHBuildModel.vcxproj -> C:\Users\emiliomm\Documents\Librerias y software de otros\LeiWang_QueryByHumming_Opensource\Organized\src\QBSH_win32_vc2010\Release\SDHBuildModel.exe
       Manifest:
         C:\Program Files (x86)\Microsoft SDKs\Windows\v7.0A\bin\mt.exe /nologo /verbose /outputresource:"C:\Users\emiliomm\Documents\Librerias y software de otros\LeiWang_QueryByHumming_Opensource\Organized\src\QBSH_win32_vc2010\Release\SDHBuildModel.exe;#1" /manifest Release\SDHBuildModel.exe.intermediate.manifest
       FinalizeBuildStatus:
         Deleting file "Release\SDHBuildModel.unsuccessfulbuild".
         Touching "Release\SDHBuildModel.lastbuildstate".
     1>Done Building Project "C:\Users\emiliomm\Documents\Librerias y software de otros\LeiWang_QueryByHumming_Opensource\Organized\src\QBSH_win32_vc2010\SDHBuildModel\SDHBuildModel.vcxproj" (build target(s)).

Build succeeded.

Time Elapsed 00:00:01.36
