Build started 25/03/2014 10:25:21.
     1>Project "C:\Users\emiliomm\Documents\Librerias y software de otros\LeiWang_QueryByHumming_Opensource\Organized\src\QBSH_win32_vc2010\SDFuzzySearch\SDFuzzySearch.vcxproj" on node 2 (build target(s)).
     1>PrepareForBuild:
         Creating directory "C:\Users\emiliomm\Documents\Librerias y software de otros\LeiWang_QueryByHumming_Opensource\Organized\src\QBSH_win32_vc2010\Release\".
       InitializeBuildStatus:
         Creating "Release\SDFuzzySearch.unsuccessfulbuild" because "AlwaysCreate" was specified.
       ClCompile:
         C:\Program Files (x86)\Microsoft Visual Studio 10.0\VC\bin\CL.exe /c /Zi /nologo /W3 /WX- /O2 /Oi /Oy- /GL /D WIN32 /D NDEBUG /D _WINDOWS /D _USRDLL /D SDFUZZYSEARCH_EXPORTS /D _WINDLL /D _UNICODE /D UNICODE /Gm- /EHsc /MD /GS /Gy /fp:precise /Zc:wchar_t /Zc:forScope /Fo"Release\\" /Fd"Release\vc100.pdb" /Gd /TP /analyze- /errorReport:prompt SDFuzzySearch.cpp SFrameMatch.cpp SNoteMatch.cpp SSearchCommon.cpp
         SDFuzzySearch.cpp
         SFrameMatch.cpp
         SNoteMatch.cpp
         SSearchCommon.cpp
       Link:
         C:\Program Files (x86)\Microsoft Visual Studio 10.0\VC\bin\link.exe /ERRORREPORT:PROMPT /OUT:"C:\Users\emiliomm\Documents\Librerias y software de otros\LeiWang_QueryByHumming_Opensource\Organized\src\QBSH_win32_vc2010\Release\SDFuzzySearch.dll" /INCREMENTAL:NO /NOLOGO kernel32.lib user32.lib gdi32.lib winspool.lib comdlg32.lib advapi32.lib shell32.lib ole32.lib oleaut32.lib uuid.lib odbc32.lib odbccp32.lib /MANIFEST /ManifestFile:"Release\SDFuzzySearch.dll.intermediate.manifest" /MANIFESTUAC:"level='asInvoker' uiAccess='false'" /DEBUG /PDB:"C:\Users\emiliomm\Documents\Librerias y software de otros\LeiWang_QueryByHumming_Opensource\Organized\src\QBSH_win32_vc2010\Release\SDFuzzySearch.pdb" /SUBSYSTEM:WINDOWS /OPT:REF /OPT:ICF /LTCG /TLBID:1 /DYNAMICBASE /NXCOMPAT /IMPLIB:"C:\Users\emiliomm\Documents\Librerias y software de otros\LeiWang_QueryByHumming_Opensource\Organized\src\QBSH_win32_vc2010\Release\SDFuzzySearch.lib" /MACHINE:X86 /DLL Release\SDFuzzySearch.obj
         Release\SFrameMatch.obj
         Release\SNoteMatch.obj
         Release\SSearchCommon.obj
            Creating library C:\Users\emiliomm\Documents\Librerias y software de otros\LeiWang_QueryByHumming_Opensource\Organized\src\QBSH_win32_vc2010\Release\SDFuzzySearch.lib and object C:\Users\emiliomm\Documents\Librerias y software de otros\LeiWang_QueryByHumming_Opensource\Organized\src\QBSH_win32_vc2010\Release\SDFuzzySearch.exp
         Generating code
         Finished generating code
         SDFuzzySearch.vcxproj -> C:\Users\emiliomm\Documents\Librerias y software de otros\LeiWang_QueryByHumming_Opensource\Organized\src\QBSH_win32_vc2010\Release\SDFuzzySearch.dll
       Manifest:
         C:\Program Files (x86)\Microsoft SDKs\Windows\v7.0A\bin\mt.exe /nologo /verbose /outputresource:"C:\Users\emiliomm\Documents\Librerias y software de otros\LeiWang_QueryByHumming_Opensource\Organized\src\QBSH_win32_vc2010\Release\SDFuzzySearch.dll;#2" /manifest Release\SDFuzzySearch.dll.intermediate.manifest
       FinalizeBuildStatus:
         Deleting file "Release\SDFuzzySearch.unsuccessfulbuild".
         Touching "Release\SDFuzzySearch.lastbuildstate".
     1>Done Building Project "C:\Users\emiliomm\Documents\Librerias y software de otros\LeiWang_QueryByHumming_Opensource\Organized\src\QBSH_win32_vc2010\SDFuzzySearch\SDFuzzySearch.vcxproj" (build target(s)).

Build succeeded.

Time Elapsed 00:00:00.60
