Build started 25/03/2014 13:06:48.
     1>Project "C:\Users\emiliomm\Documents\GitHub\QueryBySingingHumming\src\QBSH_win32_vc2010\SDHumming\SDHumming.vcxproj" on node 3 (build target(s)).
     1>InitializeBuildStatus:
         Creating "Release\SDHumming.unsuccessfulbuild" because "AlwaysCreate" was specified.
       ClCompile:
         C:\Program Files (x86)\Microsoft Visual Studio 10.0\VC\bin\CL.exe /c /I..\SDFuzzySearch /Zi /nologo /W3 /WX- /O2 /Oi /Oy- /GL /D WIN32 /D NDEBUG /D _CONSOLE /D _UNICODE /D UNICODE /Gm- /EHsc /MD /GS /Gy /fp:precise /Zc:wchar_t /Zc:forScope /Fo"Release\\" /Fd"Release\vc100.pdb" /Gd /TP /analyze- /errorReport:prompt SDSP.cpp SMelody.cpp SModel.cpp STester.cpp SUtil.cpp
         SDSP.cpp
         SMelody.cpp
     1>SMelody.cpp(98): warning C4996: 'fopen': This function or variable may be unsafe. Consider using fopen_s instead. To disable deprecation, use _CRT_SECURE_NO_WARNINGS. See online help for details.
                 C:\Program Files (x86)\Microsoft Visual Studio 10.0\VC\include\stdio.h(234) : see declaration of 'fopen'
     1>SMelody.cpp(117): warning C4244: '=' : conversion from 'double' to 'short', possible loss of data
         SModel.cpp
     1>SModel.cpp(19): warning C4996: 'fopen': This function or variable may be unsafe. Consider using fopen_s instead. To disable deprecation, use _CRT_SECURE_NO_WARNINGS. See online help for details.
                 C:\Program Files (x86)\Microsoft Visual Studio 10.0\VC\include\stdio.h(234) : see declaration of 'fopen'
         STester.cpp
     1>STester.cpp(99): warning C4996: 'fopen': This function or variable may be unsafe. Consider using fopen_s instead. To disable deprecation, use _CRT_SECURE_NO_WARNINGS. See online help for details.
                 C:\Program Files (x86)\Microsoft Visual Studio 10.0\VC\include\stdio.h(234) : see declaration of 'fopen'
         SUtil.cpp
     1>SUtil.cpp(35): warning C4996: 'fopen': This function or variable may be unsafe. Consider using fopen_s instead. To disable deprecation, use _CRT_SECURE_NO_WARNINGS. See online help for details.
                 C:\Program Files (x86)\Microsoft Visual Studio 10.0\VC\include\stdio.h(234) : see declaration of 'fopen'
       Link:
         C:\Program Files (x86)\Microsoft Visual Studio 10.0\VC\bin\link.exe /ERRORREPORT:PROMPT /OUT:"C:\Users\emiliomm\Documents\GitHub\QueryBySingingHumming\src\QBSH_win32_vc2010\Release\SDHumming.exe" /INCREMENTAL:NO /NOLOGO /LIBPATH:..\Release sdfuzzysearch.lib kernel32.lib user32.lib gdi32.lib winspool.lib comdlg32.lib advapi32.lib shell32.lib ole32.lib oleaut32.lib uuid.lib odbc32.lib odbccp32.lib /MANIFEST /ManifestFile:"Release\SDHumming.exe.intermediate.manifest" /MANIFESTUAC:"level='asInvoker' uiAccess='false'" /DEBUG /PDB:"C:\Users\emiliomm\Documents\GitHub\QueryBySingingHumming\src\QBSH_win32_vc2010\Release\SDHumming.pdb" /SUBSYSTEM:CONSOLE /OPT:REF /OPT:ICF /LTCG /TLBID:1 /DYNAMICBASE /NXCOMPAT /IMPLIB:"C:\Users\emiliomm\Documents\GitHub\QueryBySingingHumming\src\QBSH_win32_vc2010\Release\SDHumming.lib" /MACHINE:X86 Release\SDSP.obj
         Release\SMelody.obj
         Release\SModel.obj
         Release\STester.obj
         Release\SUtil.obj
         Generating code
         Finished generating code
         SDHumming.vcxproj -> C:\Users\emiliomm\Documents\GitHub\QueryBySingingHumming\src\QBSH_win32_vc2010\Release\SDHumming.exe
       Manifest:
         C:\Program Files (x86)\Microsoft SDKs\Windows\v7.0A\bin\mt.exe /nologo /verbose /outputresource:"C:\Users\emiliomm\Documents\GitHub\QueryBySingingHumming\src\QBSH_win32_vc2010\Release\SDHumming.exe;#1" /manifest Release\SDHumming.exe.intermediate.manifest
       FinalizeBuildStatus:
         Deleting file "Release\SDHumming.unsuccessfulbuild".
         Touching "Release\SDHumming.lastbuildstate".
     1>Done Building Project "C:\Users\emiliomm\Documents\GitHub\QueryBySingingHumming\src\QBSH_win32_vc2010\SDHumming\SDHumming.vcxproj" (build target(s)).

Build succeeded.

Time Elapsed 00:00:02.04
