Build started 25/03/2014 10:25:36.
     1>Project "C:\Users\emiliomm\Documents\Librerias y software de otros\LeiWang_QueryByHumming_Opensource\Organized\src\QBSH_win32_vc2010\SDHBuildModel\SDHBuildModel.vcxproj" on node 2 (build target(s)).
     1>InitializeBuildStatus:
         Creating "Debug\SDHBuildModel.unsuccessfulbuild" because "AlwaysCreate" was specified.
       ClCompile:
         C:\Program Files (x86)\Microsoft Visual Studio 10.0\VC\bin\CL.exe /c /ZI /nologo /W3 /WX- /Od /Oy- /D WIN32 /D _DEBUG /D _CONSOLE /D _UNICODE /D UNICODE /Gm /EHsc /RTC1 /MDd /GS /fp:precise /Zc:wchar_t /Zc:forScope /Fo"Debug\\" /Fd"Debug\vc100.pdb" /Gd /TC /analyze- /errorReport:prompt midifile.c
         midifile.c
     1>c:\users\emiliomm\documents\librerias y software de otros\leiwang_querybyhumming_opensource\organized\src\qbsh_win32_vc2010\sdhbuildmodel\midifile.c(351): warning C4996: 'fopen': This function or variable may be unsafe. Consider using fopen_s instead. To disable deprecation, use _CRT_SECURE_NO_WARNINGS. See online help for details.
                 c:\program files (x86)\microsoft visual studio 10.0\vc\include\stdio.h(234) : see declaration of 'fopen'
     1>c:\users\emiliomm\documents\librerias y software de otros\leiwang_querybyhumming_opensource\organized\src\qbsh_win32_vc2010\sdhbuildmodel\midifile.c(569): warning C4996: 'fopen': This function or variable may be unsafe. Consider using fopen_s instead. To disable deprecation, use _CRT_SECURE_NO_WARNINGS. See online help for details.
                 c:\program files (x86)\microsoft visual studio 10.0\vc\include\stdio.h(234) : see declaration of 'fopen'
     1>c:\users\emiliomm\documents\librerias y software de otros\leiwang_querybyhumming_opensource\organized\src\qbsh_win32_vc2010\sdhbuildmodel\midifile.c(921): warning C4244: 'return' : conversion from 'double' to 'float', possible loss of data
     1>c:\users\emiliomm\documents\librerias y software de otros\leiwang_querybyhumming_opensource\organized\src\qbsh_win32_vc2010\sdhbuildmodel\midifile.c(925): warning C4244: 'return' : conversion from 'double' to 'float', possible loss of data
     1>c:\users\emiliomm\documents\librerias y software de otros\leiwang_querybyhumming_opensource\organized\src\qbsh_win32_vc2010\sdhbuildmodel\midifile.c(929): warning C4244: 'return' : conversion from 'double' to 'float', possible loss of data
     1>c:\users\emiliomm\documents\librerias y software de otros\leiwang_querybyhumming_opensource\organized\src\qbsh_win32_vc2010\sdhbuildmodel\midifile.c(933): warning C4244: 'return' : conversion from 'double' to 'float', possible loss of data
     1>c:\users\emiliomm\documents\librerias y software de otros\leiwang_querybyhumming_opensource\organized\src\qbsh_win32_vc2010\sdhbuildmodel\midifile.c(966): warning C4244: 'return' : conversion from 'float' to 'long', possible loss of data
     1>c:\users\emiliomm\documents\librerias y software de otros\leiwang_querybyhumming_opensource\organized\src\qbsh_win32_vc2010\sdhbuildmodel\midifile.c(1338): warning C4244: 'initializing' : conversion from 'float' to 'long', possible loss of data
     1>c:\users\emiliomm\documents\librerias y software de otros\leiwang_querybyhumming_opensource\organized\src\qbsh_win32_vc2010\sdhbuildmodel\midifile.c(2014): warning C4244: 'return' : conversion from 'double' to 'float', possible loss of data
     1>c:\users\emiliomm\documents\librerias y software de otros\leiwang_querybyhumming_opensource\organized\src\qbsh_win32_vc2010\sdhbuildmodel\midifile.c(2024): warning C4244: '=' : conversion from 'float' to 'long', possible loss of data
         C:\Program Files (x86)\Microsoft Visual Studio 10.0\VC\bin\CL.exe /c /ZI /nologo /W3 /WX- /Od /Oy- /D WIN32 /D _DEBUG /D _CONSOLE /D _UNICODE /D UNICODE /Gm /EHsc /RTC1 /MDd /GS /fp:precise /Zc:wchar_t /Zc:forScope /Fo"Debug\\" /Fd"Debug\vc100.pdb" /Gd /TP /analyze- /errorReport:prompt SBuildModel.cpp
         SBuildModel.cpp
     1>c:\users\emiliomm\documents\librerias y software de otros\leiwang_querybyhumming_opensource\organized\src\qbsh_win32_vc2010\sdhbuildmodel\sbuildmodel.h(63): warning C4996: 'strcpy': This function or variable may be unsafe. Consider using strcpy_s instead. To disable deprecation, use _CRT_SECURE_NO_WARNINGS. See online help for details.
                 c:\program files (x86)\microsoft visual studio 10.0\vc\include\string.h(105) : see declaration of 'strcpy'
     1>c:\users\emiliomm\documents\librerias y software de otros\leiwang_querybyhumming_opensource\organized\src\qbsh_win32_vc2010\sdhbuildmodel\sbuildmodel.h(64): warning C4996: 'strcpy': This function or variable may be unsafe. Consider using strcpy_s instead. To disable deprecation, use _CRT_SECURE_NO_WARNINGS. See online help for details.
                 c:\program files (x86)\microsoft visual studio 10.0\vc\include\string.h(105) : see declaration of 'strcpy'
     1>c:\users\emiliomm\documents\librerias y software de otros\leiwang_querybyhumming_opensource\organized\src\qbsh_win32_vc2010\sdhbuildmodel\sbuildmodel.cpp(85): warning C4018: '<' : signed/unsigned mismatch
     1>c:\users\emiliomm\documents\librerias y software de otros\leiwang_querybyhumming_opensource\organized\src\qbsh_win32_vc2010\sdhbuildmodel\sbuildmodel.cpp(105): warning C4996: 'strcpy': This function or variable may be unsafe. Consider using strcpy_s instead. To disable deprecation, use _CRT_SECURE_NO_WARNINGS. See online help for details.
                 c:\program files (x86)\microsoft visual studio 10.0\vc\include\string.h(105) : see declaration of 'strcpy'
     1>c:\users\emiliomm\documents\librerias y software de otros\leiwang_querybyhumming_opensource\organized\src\qbsh_win32_vc2010\sdhbuildmodel\sbuildmodel.cpp(106): warning C4996: 'strcpy': This function or variable may be unsafe. Consider using strcpy_s instead. To disable deprecation, use _CRT_SECURE_NO_WARNINGS. See online help for details.
                 c:\program files (x86)\microsoft visual studio 10.0\vc\include\string.h(105) : see declaration of 'strcpy'
     1>c:\users\emiliomm\documents\librerias y software de otros\leiwang_querybyhumming_opensource\organized\src\qbsh_win32_vc2010\sdhbuildmodel\sbuildmodel.cpp(107): warning C4996: 'strcat': This function or variable may be unsafe. Consider using strcat_s instead. To disable deprecation, use _CRT_SECURE_NO_WARNINGS. See online help for details.
                 c:\program files (x86)\microsoft visual studio 10.0\vc\include\string.h(110) : see declaration of 'strcat'
     1>c:\users\emiliomm\documents\librerias y software de otros\leiwang_querybyhumming_opensource\organized\src\qbsh_win32_vc2010\sdhbuildmodel\sbuildmodel.cpp(108): warning C4996: 'strcat': This function or variable may be unsafe. Consider using strcat_s instead. To disable deprecation, use _CRT_SECURE_NO_WARNINGS. See online help for details.
                 c:\program files (x86)\microsoft visual studio 10.0\vc\include\string.h(110) : see declaration of 'strcat'
     1>c:\users\emiliomm\documents\librerias y software de otros\leiwang_querybyhumming_opensource\organized\src\qbsh_win32_vc2010\sdhbuildmodel\sbuildmodel.cpp(146): warning C4996: 'fopen': This function or variable may be unsafe. Consider using fopen_s instead. To disable deprecation, use _CRT_SECURE_NO_WARNINGS. See online help for details.
                 c:\program files (x86)\microsoft visual studio 10.0\vc\include\stdio.h(234) : see declaration of 'fopen'
     1>c:\users\emiliomm\documents\librerias y software de otros\leiwang_querybyhumming_opensource\organized\src\qbsh_win32_vc2010\sdhbuildmodel\sbuildmodel.cpp(147): warning C4018: '<' : signed/unsigned mismatch
     1>c:\users\emiliomm\documents\librerias y software de otros\leiwang_querybyhumming_opensource\organized\src\qbsh_win32_vc2010\sdhbuildmodel\sbuildmodel.cpp(227): warning C4996: 'fopen': This function or variable may be unsafe. Consider using fopen_s instead. To disable deprecation, use _CRT_SECURE_NO_WARNINGS. See online help for details.
                 c:\program files (x86)\microsoft visual studio 10.0\vc\include\stdio.h(234) : see declaration of 'fopen'
     1>c:\users\emiliomm\documents\librerias y software de otros\leiwang_querybyhumming_opensource\organized\src\qbsh_win32_vc2010\sdhbuildmodel\sbuildmodel.cpp(239): warning C4018: '<' : signed/unsigned mismatch
     1>c:\users\emiliomm\documents\librerias y software de otros\leiwang_querybyhumming_opensource\organized\src\qbsh_win32_vc2010\sdhbuildmodel\sbuildmodel.cpp(249): warning C4018: '<' : signed/unsigned mismatch
     1>c:\users\emiliomm\documents\librerias y software de otros\leiwang_querybyhumming_opensource\organized\src\qbsh_win32_vc2010\sdhbuildmodel\sbuildmodel.cpp(265): warning C4018: '<' : signed/unsigned mismatch
     1>c:\users\emiliomm\documents\librerias y software de otros\leiwang_querybyhumming_opensource\organized\src\qbsh_win32_vc2010\sdhbuildmodel\sbuildmodel.cpp(292): warning C4018: '<' : signed/unsigned mismatch
     1>c:\users\emiliomm\documents\librerias y software de otros\leiwang_querybyhumming_opensource\organized\src\qbsh_win32_vc2010\sdhbuildmodel\sbuildmodel.cpp(300): warning C4244: '=' : conversion from 'int' to 'float', possible loss of data
     1>c:\users\emiliomm\documents\librerias y software de otros\leiwang_querybyhumming_opensource\organized\src\qbsh_win32_vc2010\sdhbuildmodel\sbuildmodel.cpp(302): warning C4244: '=' : conversion from 'int' to 'float', possible loss of data
     1>c:\users\emiliomm\documents\librerias y software de otros\leiwang_querybyhumming_opensource\organized\src\qbsh_win32_vc2010\sdhbuildmodel\sbuildmodel.cpp(305): warning C4244: '=' : conversion from 'int' to 'float', possible loss of data
       ManifestResourceCompile:
         C:\Program Files (x86)\Microsoft SDKs\Windows\v7.0A\bin\rc.exe /nologo /fo"Debug\SDHBuildModel.exe.embed.manifest.res" Debug\SDHBuildModel_manifest.rc 
       Link:
         C:\Program Files (x86)\Microsoft Visual Studio 10.0\VC\bin\link.exe /ERRORREPORT:PROMPT /OUT:"C:\Users\emiliomm\Documents\Librerias y software de otros\LeiWang_QueryByHumming_Opensource\Organized\src\QBSH_win32_vc2010\Debug\SDHBuildModel.exe" /INCREMENTAL /NOLOGO kernel32.lib user32.lib gdi32.lib winspool.lib comdlg32.lib advapi32.lib shell32.lib ole32.lib oleaut32.lib uuid.lib odbc32.lib odbccp32.lib /MANIFEST /ManifestFile:"Debug\SDHBuildModel.exe.intermediate.manifest" /MANIFESTUAC:"level='asInvoker' uiAccess='false'" /DEBUG /PDB:"C:\Users\emiliomm\Documents\Librerias y software de otros\LeiWang_QueryByHumming_Opensource\Organized\src\QBSH_win32_vc2010\Debug\SDHBuildModel.pdb" /SUBSYSTEM:CONSOLE /TLBID:1 /DYNAMICBASE /NXCOMPAT /IMPLIB:"C:\Users\emiliomm\Documents\Librerias y software de otros\LeiWang_QueryByHumming_Opensource\Organized\src\QBSH_win32_vc2010\Debug\SDHBuildModel.lib" /MACHINE:X86 Debug\SDHBuildModel.exe.embed.manifest.res
         Debug\midifile.obj
         Debug\SBuildModel.obj
       Manifest:
         C:\Program Files (x86)\Microsoft SDKs\Windows\v7.0A\bin\mt.exe /nologo /verbose /out:"Debug\SDHBuildModel.exe.embed.manifest" /manifest Debug\SDHBuildModel.exe.intermediate.manifest
         C:\Program Files (x86)\Microsoft SDKs\Windows\v7.0A\bin\rc.exe /nologo /fo"Debug\SDHBuildModel.exe.embed.manifest.res" Debug\SDHBuildModel_manifest.rc 
       LinkEmbedManifest:
         C:\Program Files (x86)\Microsoft Visual Studio 10.0\VC\bin\link.exe /ERRORREPORT:PROMPT /OUT:"C:\Users\emiliomm\Documents\Librerias y software de otros\LeiWang_QueryByHumming_Opensource\Organized\src\QBSH_win32_vc2010\Debug\SDHBuildModel.exe" /INCREMENTAL /NOLOGO kernel32.lib user32.lib gdi32.lib winspool.lib comdlg32.lib advapi32.lib shell32.lib ole32.lib oleaut32.lib uuid.lib odbc32.lib odbccp32.lib /MANIFEST /ManifestFile:"Debug\SDHBuildModel.exe.intermediate.manifest" /MANIFESTUAC:"level='asInvoker' uiAccess='false'" /DEBUG /PDB:"C:\Users\emiliomm\Documents\Librerias y software de otros\LeiWang_QueryByHumming_Opensource\Organized\src\QBSH_win32_vc2010\Debug\SDHBuildModel.pdb" /SUBSYSTEM:CONSOLE /TLBID:1 /DYNAMICBASE /NXCOMPAT /IMPLIB:"C:\Users\emiliomm\Documents\Librerias y software de otros\LeiWang_QueryByHumming_Opensource\Organized\src\QBSH_win32_vc2010\Debug\SDHBuildModel.lib" /MACHINE:X86 Debug\SDHBuildModel.exe.embed.manifest.res
         Debug\midifile.obj
         Debug\SBuildModel.obj
         SDHBuildModel.vcxproj -> C:\Users\emiliomm\Documents\Librerias y software de otros\LeiWang_QueryByHumming_Opensource\Organized\src\QBSH_win32_vc2010\Debug\SDHBuildModel.exe
       FinalizeBuildStatus:
         Deleting file "Debug\SDHBuildModel.unsuccessfulbuild".
         Touching "Debug\SDHBuildModel.lastbuildstate".
     1>Done Building Project "C:\Users\emiliomm\Documents\Librerias y software de otros\LeiWang_QueryByHumming_Opensource\Organized\src\QBSH_win32_vc2010\SDHBuildModel\SDHBuildModel.vcxproj" (build target(s)).

Build succeeded.

Time Elapsed 00:00:01.36
